<?xml version="1.0" encoding="UTF-8"?>
<testsuite name="rnd.statemachine.StateMachineApplicationTests" tests="1" skipped="0" failures="0" errors="0" timestamp="2019-07-24T20:31:20" hostname="LAPTOP" time="0.74">
  <properties/>
  <testcase name="contextLoads" classname="rnd.statemachine.StateMachineApplicationTests" time="0.74"/>
  <system-out><![CDATA[16:31:15.794 [Test worker] DEBUG org.springframework.test.context.junit4.SpringJUnit4ClassRunner - SpringJUnit4ClassRunner constructor called with [class rnd.statemachine.StateMachineApplicationTests]
16:31:15.823 [Test worker] DEBUG org.springframework.test.context.BootstrapUtils - Instantiating CacheAwareContextLoaderDelegate from class [org.springframework.test.context.cache.DefaultCacheAwareContextLoaderDelegate]
16:31:15.852 [Test worker] DEBUG org.springframework.test.context.BootstrapUtils - Instantiating BootstrapContext using constructor [public org.springframework.test.context.support.DefaultBootstrapContext(java.lang.Class,org.springframework.test.context.CacheAwareContextLoaderDelegate)]
16:31:15.916 [Test worker] DEBUG org.springframework.test.context.BootstrapUtils - Instantiating TestContextBootstrapper for test class [rnd.statemachine.StateMachineApplicationTests] from class [org.springframework.boot.test.context.SpringBootTestContextBootstrapper]
16:31:15.968 [Test worker] INFO org.springframework.boot.test.context.SpringBootTestContextBootstrapper - Neither @ContextConfiguration nor @ContextHierarchy found for test class [rnd.statemachine.StateMachineApplicationTests], using SpringBootContextLoader
16:31:15.981 [Test worker] DEBUG org.springframework.test.context.support.AbstractContextLoader - Did not detect default resource location for test class [rnd.statemachine.StateMachineApplicationTests]: class path resource [rnd/statemachine/StateMachineApplicationTests-context.xml] does not exist
16:31:15.983 [Test worker] DEBUG org.springframework.test.context.support.AbstractContextLoader - Did not detect default resource location for test class [rnd.statemachine.StateMachineApplicationTests]: class path resource [rnd/statemachine/StateMachineApplicationTestsContext.groovy] does not exist
16:31:15.984 [Test worker] INFO org.springframework.test.context.support.AbstractContextLoader - Could not detect default resource locations for test class [rnd.statemachine.StateMachineApplicationTests]: no resource found for suffixes {-context.xml, Context.groovy}.
16:31:16.158 [Test worker] DEBUG org.springframework.test.context.support.ActiveProfilesUtils - Could not find an 'annotation declaring class' for annotation type [org.springframework.test.context.ActiveProfiles] and class [rnd.statemachine.StateMachineApplicationTests]
16:31:16.549 [Test worker] DEBUG org.springframework.boot.test.context.SpringBootTestContextBootstrapper - @TestExecutionListeners is not present for class [rnd.statemachine.StateMachineApplicationTests]: using defaults.
16:31:16.551 [Test worker] INFO org.springframework.boot.test.context.SpringBootTestContextBootstrapper - Loaded default TestExecutionListener class names from location [META-INF/spring.factories]: [org.springframework.boot.test.autoconfigure.restdocs.RestDocsTestExecutionListener, org.springframework.boot.test.autoconfigure.web.client.MockRestServiceServerResetTestExecutionListener, org.springframework.boot.test.autoconfigure.web.servlet.MockMvcPrintOnlyOnFailureTestExecutionListener, org.springframework.boot.test.autoconfigure.web.servlet.WebDriverTestExecutionListener, org.springframework.boot.test.mock.mockito.MockitoTestExecutionListener, org.springframework.boot.test.mock.mockito.ResetMocksTestExecutionListener, org.springframework.test.context.web.ServletTestExecutionListener, org.springframework.test.context.support.DirtiesContextBeforeModesTestExecutionListener, org.springframework.test.context.support.DependencyInjectionTestExecutionListener, org.springframework.test.context.support.DirtiesContextTestExecutionListener, org.springframework.test.context.transaction.TransactionalTestExecutionListener, org.springframework.test.context.jdbc.SqlScriptsTestExecutionListener]
16:31:16.592 [Test worker] DEBUG org.springframework.boot.test.context.SpringBootTestContextBootstrapper - Skipping candidate TestExecutionListener [org.springframework.test.context.transaction.TransactionalTestExecutionListener] due to a missing dependency. Specify custom listener classes or make the default listener classes and their required dependencies available. Offending class: [org/springframework/transaction/interceptor/TransactionAttributeSource]
16:31:16.594 [Test worker] DEBUG org.springframework.boot.test.context.SpringBootTestContextBootstrapper - Skipping candidate TestExecutionListener [org.springframework.test.context.jdbc.SqlScriptsTestExecutionListener] due to a missing dependency. Specify custom listener classes or make the default listener classes and their required dependencies available. Offending class: [org/springframework/transaction/interceptor/TransactionAttribute]
16:31:16.594 [Test worker] INFO org.springframework.boot.test.context.SpringBootTestContextBootstrapper - Using TestExecutionListeners: [org.springframework.test.context.web.ServletTestExecutionListener@6d84b15c, org.springframework.test.context.support.DirtiesContextBeforeModesTestExecutionListener@361ddc61, org.springframework.boot.test.mock.mockito.MockitoTestExecutionListener@6c1b2882, org.springframework.boot.test.autoconfigure.SpringBootDependencyInjectionTestExecutionListener@67530b7, org.springframework.test.context.support.DirtiesContextTestExecutionListener@4eb36f74, org.springframework.boot.test.autoconfigure.restdocs.RestDocsTestExecutionListener@16955c17, org.springframework.boot.test.autoconfigure.web.client.MockRestServiceServerResetTestExecutionListener@237f397f, org.springframework.boot.test.autoconfigure.web.servlet.MockMvcPrintOnlyOnFailureTestExecutionListener@c20552f, org.springframework.boot.test.autoconfigure.web.servlet.WebDriverTestExecutionListener@59bd5310, org.springframework.boot.test.mock.mockito.ResetMocksTestExecutionListener@6574c9d4]
16:31:16.606 [Test worker] DEBUG org.springframework.test.annotation.ProfileValueUtils - Retrieved @ProfileValueSourceConfiguration [null] for test class [rnd.statemachine.StateMachineApplicationTests]
16:31:16.608 [Test worker] DEBUG org.springframework.test.annotation.ProfileValueUtils - Retrieved ProfileValueSource type [class org.springframework.test.annotation.SystemProfileValueSource] for class [rnd.statemachine.StateMachineApplicationTests]
16:31:16.611 [Test worker] DEBUG org.springframework.test.annotation.ProfileValueUtils - Retrieved @ProfileValueSourceConfiguration [null] for test class [rnd.statemachine.StateMachineApplicationTests]
16:31:16.611 [Test worker] DEBUG org.springframework.test.annotation.ProfileValueUtils - Retrieved ProfileValueSource type [class org.springframework.test.annotation.SystemProfileValueSource] for class [rnd.statemachine.StateMachineApplicationTests]
16:31:16.629 [Test worker] DEBUG org.springframework.test.context.support.AbstractDirtiesContextTestExecutionListener - Before test class: context [DefaultTestContext@109fd36d testClass = StateMachineApplicationTests, testInstance = [null], testMethod = [null], testException = [null], mergedContextConfiguration = [WebMergedContextConfiguration@46fec669 testClass = StateMachineApplicationTests, locations = '{}', classes = '{class rnd.statemachine.order.PaymentProcessor, class rnd.statemachine.order.OrderProcessor, class rnd.statemachine.order.PaymentProcessor, class rnd.statemachine.order.OrderProcessor}', contextInitializerClasses = '[]', activeProfiles = '{}', propertySourceLocations = '{}', propertySourceProperties = '{org.springframework.boot.test.context.SpringBootTestContextBootstrapper=true}', contextCustomizers = set[org.springframework.boot.test.autoconfigure.properties.PropertyMappingContextCustomizer@0, org.springframework.boot.test.autoconfigure.web.servlet.WebDriverContextCustomizerFactory$Customizer@68a2cb7d, org.springframework.boot.test.context.filter.ExcludeFilterContextCustomizer@5e780686, org.springframework.boot.test.json.DuplicateJsonObjectContextCustomizerFactory$DuplicateJsonObjectContextCustomizer@51058fb4, org.springframework.boot.test.mock.mockito.MockitoContextCustomizer@0, org.springframework.boot.test.web.client.TestRestTemplateContextCustomizer@2d014340], resourceBasePath = 'src/main/webapp', contextLoader = 'org.springframework.boot.test.context.SpringBootContextLoader', parent = [null]], attributes = map['org.springframework.test.context.web.ServletTestExecutionListener.activateListener' -> true]], class annotated with @DirtiesContext [false] with mode [null].
16:31:16.631 [Test worker] DEBUG org.springframework.test.annotation.ProfileValueUtils - Retrieved @ProfileValueSourceConfiguration [null] for test class [rnd.statemachine.StateMachineApplicationTests]
16:31:16.632 [Test worker] DEBUG org.springframework.test.annotation.ProfileValueUtils - Retrieved ProfileValueSource type [class org.springframework.test.annotation.SystemProfileValueSource] for class [rnd.statemachine.StateMachineApplicationTests]
16:31:16.735 [Test worker] DEBUG org.springframework.test.context.support.TestPropertySourceUtils - Adding inlined properties to environment: {spring.jmx.enabled=false, org.springframework.boot.test.context.SpringBootTestContextBootstrapper=true, server.port=-1}

  .   ____          _            __ _ _
 /\\ / ___'_ __ _ _(_)_ __  __ _ \ \ \ \
( ( )\___ | '_ | '_| | '_ \/ _` | \ \ \ \
 \\/  ___)| |_)| | | | | || (_| |  ) ) ) )
  '  |____| .__|_| |_|_| |_\__, | / / / /
 =========|_|==============|___/=/_/_/_/
 :: Spring Boot ::        (v2.1.4.RELEASE)

2019-07-24 16:31:17.922  INFO 4936 --- [    Test worker] r.s.StateMachineApplicationTests         : Starting StateMachineApplicationTests on LAPTOP with PID 4936 (started by nallas in C:\Users\nallas\gitmapteb\simple-state-machine)
2019-07-24 16:31:17.931  INFO 4936 --- [    Test worker] r.s.StateMachineApplicationTests         : No active profile set, falling back to default profiles: default
2019-07-24 16:31:19.095  INFO 4936 --- [    Test worker] r.s.StateMachineApplicationTests         : Started StateMachineApplicationTests in 2.281 seconds (JVM running for 5.665)
]]></system-out>
  <system-err><![CDATA[]]></system-err>
</testsuite>
